<?xml version="1.0" encoding="UTF-8"?>
<!-- Generated by org.testng.reporters.JUnitReportReporter -->
<testsuite hostname="LAPTOP-84AAFFGG" failures="0" tests="3" name="JenkinsExecution.Script01" time="0.048" errors="0" timestamp="2022-11-24T12:11:52 IST" skipped="0">
  <testcase classname="JenkinsExecution.Script01" name="test02" time="0.006"/>
  <system-out/>
  <testcase classname="JenkinsExecution.Script01" name="test03" time="0.009"/>
  <system-out/>
  <testcase classname="JenkinsExecution.Script01" name="test01" time="0.033"/>
  <system-out/>
</testsuite> <!-- JenkinsExecution.Script01 -->
