<?xml version="1.0" encoding="UTF-8"?>
<!-- Generated by org.testng.reporters.JUnitReportReporter -->
<testsuite hostname="LAPTOP-84AAFFGG" failures="0" tests="2" name="JenkinsExecution.Script03" time="0.014" errors="0" timestamp="2022-11-24T12:11:52 IST" skipped="0">
  <testcase classname="JenkinsExecution.Script03" name="test06" time="0.008"/>
  <system-out/>
  <testcase classname="JenkinsExecution.Script03" name="test07" time="0.006"/>
  <system-out/>
</testsuite> <!-- JenkinsExecution.Script03 -->
